::1 - - [19/Feb/2024:13:57:50 +0300] "GET /index.php HTTP/1.1" 200 75322
::1 - - [19/Feb/2024:13:57:51 +0300] "GET /favicon.ico HTTP/1.1" 404 196
::1 - - [19/Feb/2024:13:58:50 +0300] "-" 408 -
::1 - - [19/Feb/2024:14:14:06 +0300] "GET / HTTP/1.1" 200 411
::1 - - [19/Feb/2024:14:14:50 +0300] "POST /display.php HTTP/1.1" 200 32
::1 - - [19/Feb/2024:14:15:50 +0300] "-" 408 -
::1 - - [19/Feb/2024:14:32:58 +0300] "GET / HTTP/1.1" 200 563
::1 - - [19/Feb/2024:14:33:04 +0300] "POST /display.php HTTP/1.1" 200 58
::1 - - [19/Feb/2024:14:33:24 +0300] "POST /display.php HTTP/1.1" 200 85
::1 - - [19/Feb/2024:14:34:20 +0300] "-" 408 -
::1 - - [19/Feb/2024:14:35:12 +0300] "POST /display.php HTTP/1.1" 200 85
::1 - - [19/Feb/2024:14:35:38 +0300] "POST /display.php HTTP/1.1" 200 85
::1 - - [19/Feb/2024:14:35:45 +0300] "POST /display.php HTTP/1.1" 200 103
::1 - - [19/Feb/2024:14:36:43 +0300] "-" 408 -
::1 - - [19/Feb/2024:14:43:37 +0300] "GET / HTTP/1.1" 200 559
::1 - - [19/Feb/2024:14:43:42 +0300] "POST /display.php HTTP/1.1" 200 133
::1 - - [19/Feb/2024:14:43:54 +0300] "POST /display.php HTTP/1.1" 200 81
::1 - - [19/Feb/2024:14:44:54 +0300] "-" 408 -
::1 - - [19/Feb/2024:14:46:17 +0300] "POST /display.php HTTP/1.1" 200 181
::1 - - [19/Feb/2024:14:47:00 +0300] "POST /display.php HTTP/1.1" 200 167
::1 - - [19/Feb/2024:14:47:03 +0300] "POST /display.php HTTP/1.1" 200 167
::1 - - [19/Feb/2024:14:47:09 +0300] "POST /display.php HTTP/1.1" 200 95
::1 - - [19/Feb/2024:14:47:45 +0300] "POST /display.php HTTP/1.1" 200 167
::1 - - [19/Feb/2024:14:48:36 +0300] "-" 408 -
::1 - - [19/Feb/2024:14:48:49 +0300] "POST /display.php HTTP/1.1" 200 391
::1 - - [19/Feb/2024:14:49:49 +0300] "-" 408 -
::1 - - [19/Feb/2024:14:50:46 +0300] "POST /display.php HTTP/1.1" 200 267
::1 - - [19/Feb/2024:14:51:03 +0300] "POST /display.php HTTP/1.1" 200 195
::1 - - [19/Feb/2024:14:51:52 +0300] "POST /display.php HTTP/1.1" 200 195
::1 - - [19/Feb/2024:14:51:57 +0300] "POST /display.php HTTP/1.1" 200 190
::1 - - [19/Feb/2024:14:52:05 +0300] "POST /display.php HTTP/1.1" 200 63
::1 - - [19/Feb/2024:14:52:19 +0300] "POST /display.php HTTP/1.1" 200 108
::1 - - [19/Feb/2024:14:52:43 +0300] "POST /display.php HTTP/1.1" 200 68
::1 - - [19/Feb/2024:14:53:43 +0300] "-" 408 -
::1 - - [19/Feb/2024:14:54:08 +0300] "POST /display.php HTTP/1.1" 200 177
::1 - - [19/Feb/2024:14:55:08 +0300] "-" 408 -
::1 - - [19/Feb/2024:14:55:49 +0300] "POST /display.php HTTP/1.1" 200 419
::1 - - [19/Feb/2024:14:56:38 +0300] "POST /display.php HTTP/1.1" 200 401
::1 - - [19/Feb/2024:14:57:38 +0300] "-" 408 -
::1 - - [19/Feb/2024:14:57:50 +0300] "POST /display.php HTTP/1.1" 200 383
::1 - - [19/Feb/2024:14:58:50 +0300] "-" 408 -
::1 - - [19/Feb/2024:15:00:52 +0300] "POST /display.php HTTP/1.1" 200 159
::1 - - [19/Feb/2024:15:01:44 +0300] "POST /display.php HTTP/1.1" 200 279
::1 - - [19/Feb/2024:15:02:08 +0300] "POST /display.php HTTP/1.1" 200 1653
::1 - - [19/Feb/2024:15:03:08 +0300] "-" 408 -
::1 - - [19/Feb/2024:15:03:55 +0300] "POST /display.php HTTP/1.1" 200 134
::1 - - [19/Feb/2024:15:04:07 +0300] "POST /display.php HTTP/1.1" 200 384
::1 - - [19/Feb/2024:15:05:07 +0300] "-" 408 -
::1 - - [19/Feb/2024:15:06:16 +0300] "POST /display.php HTTP/1.1" 200 726
::1 - - [19/Feb/2024:15:06:54 +0300] "POST /display.php HTTP/1.1" 200 725
::1 - - [19/Feb/2024:15:07:23 +0300] "POST /display.php HTTP/1.1" 200 725
::1 - - [19/Feb/2024:15:07:39 +0300] "POST /display.php HTTP/1.1" 200 401
::1 - - [19/Feb/2024:15:08:04 +0300] "POST /display.php HTTP/1.1" 200 383
::1 - - [19/Feb/2024:15:09:04 +0300] "-" 408 -
::1 - - [19/Feb/2024:15:20:09 +0300] "POST /display.php HTTP/1.1" 200 488
::1 - - [19/Feb/2024:15:20:26 +0300] "POST /display.php HTTP/1.1" 200 488
::1 - - [19/Feb/2024:15:20:45 +0300] "POST /display.php HTTP/1.1" 200 373
::1 - - [19/Feb/2024:15:21:45 +0300] "-" 408 -
::1 - - [19/Feb/2024:15:23:18 +0300] "POST /display.php HTTP/1.1" 200 476
::1 - - [19/Feb/2024:15:24:00 +0300] "POST /display.php HTTP/1.1" 200 480
::1 - - [19/Feb/2024:15:24:30 +0300] "POST /display.php HTTP/1.1" 200 176
::1 - - [19/Feb/2024:15:24:36 +0300] "POST /display.php HTTP/1.1" 200 479
::1 - - [19/Feb/2024:15:24:49 +0300] "POST /display.php HTTP/1.1" 200 481
::1 - - [19/Feb/2024:15:25:30 +0300] "POST /display.php HTTP/1.1" 200 545
::1 - - [19/Feb/2024:15:26:17 +0300] "POST /display.php HTTP/1.1" 200 549
::1 - - [19/Feb/2024:15:26:20 +0300] "POST /display.php HTTP/1.1" 200 549
::1 - - [19/Feb/2024:15:27:17 +0300] "-" 408 -
::1 - - [19/Feb/2024:15:29:05 +0300] "POST /display.php HTTP/1.1" 200 477
::1 - - [19/Feb/2024:15:29:11 +0300] "POST /display.php HTTP/1.1" 200 848
::1 - - [19/Feb/2024:15:30:11 +0300] "-" 408 -
::1 - - [19/Feb/2024:15:30:42 +0300] "POST /display.php HTTP/1.1" 200 746
::1 - - [19/Feb/2024:15:31:42 +0300] "-" 408 -
::1 - - [19/Feb/2024:15:35:48 +0300] "POST /display.php HTTP/1.1" 200 728
::1 - - [19/Feb/2024:15:36:48 +0300] "-" 408 -
::1 - - [19/Feb/2024:15:37:09 +0300] "POST /display.php HTTP/1.1" 200 746
::1 - - [19/Feb/2024:15:37:20 +0300] "POST /display.php HTTP/1.1" 200 746
::1 - - [19/Feb/2024:15:38:20 +0300] "-" 408 -
::1 - - [19/Feb/2024:15:38:24 +0300] "POST /display.php HTTP/1.1" 200 3653
::1 - - [19/Feb/2024:15:38:37 +0300] "POST /display.php HTTP/1.1" 200 1068
::1 - - [19/Feb/2024:15:39:08 +0300] "POST /display.php HTTP/1.1" 200 747
::1 - - [19/Feb/2024:15:40:08 +0300] "-" 408 -
::1 - - [19/Feb/2024:15:40:58 +0300] "POST /display.php HTTP/1.1" 200 1165
::1 - - [19/Feb/2024:15:41:10 +0300] "POST /display.php HTTP/1.1" 200 1741
::1 - - [19/Feb/2024:15:41:40 +0300] "POST /display.php HTTP/1.1" 200 6978
::1 - - [19/Feb/2024:15:41:49 +0300] "POST /display.php HTTP/1.1" 200 977
::1 - - [19/Feb/2024:15:42:47 +0300] "-" 408 -
::1 - - [19/Feb/2024:15:42:47 +0300] "POST /display.php HTTP/1.1" 200 977
::1 - - [19/Feb/2024:15:42:50 +0300] "POST /display.php HTTP/1.1" 200 885
::1 - - [19/Feb/2024:15:43:05 +0300] "POST /display.php HTTP/1.1" 200 885
::1 - - [19/Feb/2024:15:43:11 +0300] "POST /display.php HTTP/1.1" 200 6978
::1 - - [19/Feb/2024:15:43:19 +0300] "POST /display.php HTTP/1.1" 200 6978
::1 - - [19/Feb/2024:15:43:49 +0300] "POST /display.php HTTP/1.1" 200 6978
::1 - - [19/Feb/2024:15:43:56 +0300] "POST /display.php HTTP/1.1" 200 747
::1 - - [19/Feb/2024:15:44:56 +0300] "-" 408 -
::1 - - [19/Feb/2024:15:47:18 +0300] "POST /display.php HTTP/1.1" 200 214
::1 - - [19/Feb/2024:15:47:32 +0300] "POST /display.php HTTP/1.1" 200 214
::1 - - [19/Feb/2024:15:47:38 +0300] "POST /display.php HTTP/1.1" 200 851
::1 - - [19/Feb/2024:15:48:38 +0300] "-" 408 -
::1 - - [19/Feb/2024:15:49:35 +0300] "POST /display.php HTTP/1.1" 200 856
::1 - - [19/Feb/2024:15:49:41 +0300] "POST /display.php HTTP/1.1" 200 7220
::1 - - [19/Feb/2024:15:49:55 +0300] "POST /display.php HTTP/1.1" 200 6647
::1 - - [19/Feb/2024:15:50:55 +0300] "-" 408 -
::1 - - [19/Feb/2024:15:57:53 +0300] "POST /display.php HTTP/1.1" 200 6686
::1 - - [19/Feb/2024:15:58:22 +0300] "POST /display.php HTTP/1.1" 200 6641
::1 - - [19/Feb/2024:15:59:22 +0300] "-" 408 -
::1 - - [19/Feb/2024:16:01:50 +0300] "POST /display.php HTTP/1.1" 200 6651
::1 - - [19/Feb/2024:16:01:58 +0300] "POST /display.php HTTP/1.1" 200 947
::1 - - [19/Feb/2024:16:02:58 +0300] "-" 408 -
::1 - - [19/Feb/2024:16:03:14 +0300] "POST /display.php HTTP/1.1" 200 953
::1 - - [19/Feb/2024:16:03:18 +0300] "POST /display.php HTTP/1.1" 200 6661
::1 - - [19/Feb/2024:16:04:14 +0300] "-" 408 -
::1 - - [19/Feb/2024:16:04:25 +0300] "POST /display.php HTTP/1.1" 200 6635
::1 - - [19/Feb/2024:16:04:36 +0300] "POST /display.php HTTP/1.1" 200 176
::1 - - [19/Feb/2024:16:05:36 +0300] "-" 408 -
::1 - - [19/Feb/2024:16:05:51 +0300] "POST /display.php HTTP/1.1" 200 175
::1 - - [19/Feb/2024:16:06:03 +0300] "POST /display.php HTTP/1.1" 200 6680
::1 - - [19/Feb/2024:16:06:39 +0300] "POST /display.php HTTP/1.1" 200 6684
::1 - - [19/Feb/2024:16:06:50 +0300] "POST /display.php HTTP/1.1" 200 6670
::1 - - [19/Feb/2024:16:07:31 +0300] "POST /display.php HTTP/1.1" 200 6701
::1 - - [19/Feb/2024:16:07:49 +0300] "POST /display.php HTTP/1.1" 200 6694
::1 - - [19/Feb/2024:16:08:49 +0300] "-" 408 -
::1 - - [19/Feb/2024:16:10:01 +0300] "POST /display.php HTTP/1.1" 200 9013
::1 - - [19/Feb/2024:16:10:22 +0300] "POST /display.php HTTP/1.1" 200 183
::1 - - [19/Feb/2024:16:10:40 +0300] "POST /display.php HTTP/1.1" 200 9289
::1 - - [19/Feb/2024:16:10:56 +0300] "POST /display.php HTTP/1.1" 200 9020
::1 - - [19/Feb/2024:16:11:22 +0300] "POST /display.php HTTP/1.1" 200 6713
::1 - - [19/Feb/2024:16:11:46 +0300] "POST /display.php HTTP/1.1" 200 6678
::1 - - [19/Feb/2024:16:11:57 +0300] "POST /display.php HTTP/1.1" 200 6694
::1 - - [19/Feb/2024:16:12:30 +0300] "POST /display.php HTTP/1.1" 200 6709
::1 - - [19/Feb/2024:16:13:30 +0300] "-" 408 -
::1 - - [19/Feb/2024:16:13:50 +0300] "POST /display.php HTTP/1.1" 200 6701
::1 - - [19/Feb/2024:16:13:56 +0300] "POST /display.php HTTP/1.1" 200 6709
::1 - - [19/Feb/2024:16:13:59 +0300] "POST /display.php HTTP/1.1" 200 6717
::1 - - [19/Feb/2024:16:14:11 +0300] "POST /display.php HTTP/1.1" 200 6716
::1 - - [19/Feb/2024:16:14:26 +0300] "POST /display.php HTTP/1.1" 200 6719
::1 - - [19/Feb/2024:16:14:32 +0300] "POST /display.php HTTP/1.1" 200 6611
::1 - - [19/Feb/2024:16:15:15 +0300] "POST /display.php HTTP/1.1" 200 6637
::1 - - [19/Feb/2024:16:16:04 +0300] "-" 408 -
::1 - - [19/Feb/2024:16:16:08 +0300] "POST /display.php HTTP/1.1" 200 6676
::1 - - [19/Feb/2024:16:16:53 +0300] "GET / HTTP/1.1" 200 603
::1 - - [19/Feb/2024:16:17:04 +0300] "POST /display.php HTTP/1.1" 200 6711
::1 - - [19/Feb/2024:16:18:04 +0300] "-" 408 -
::1 - - [19/Feb/2024:16:18:27 +0300] "GET / HTTP/1.1" 304 -
::1 - - [19/Feb/2024:16:18:36 +0300] "POST /display.php HTTP/1.1" 200 6698
::1 - - [19/Feb/2024:16:19:04 +0300] "POST /display.php HTTP/1.1" 200 6724
::1 - - [19/Feb/2024:16:19:14 +0300] "POST /display.php HTTP/1.1" 200 6714
::1 - - [19/Feb/2024:16:20:04 +0300] "POST /display.php HTTP/1.1" 200 6717
::1 - - [19/Feb/2024:16:20:21 +0300] "POST /display.php HTTP/1.1" 200 6715
::1 - - [19/Feb/2024:16:21:07 +0300] "GET / HTTP/1.1" 200 599
::1 - - [19/Feb/2024:16:21:12 +0300] "POST /display.php HTTP/1.1" 200 6621
::1 - - [19/Feb/2024:16:21:20 +0300] "POST /display.php HTTP/1.1" 200 6649
::1 - - [19/Feb/2024:16:21:37 +0300] "POST /display.php HTTP/1.1" 200 6666
::1 - - [19/Feb/2024:16:21:43 +0300] "POST /display.php HTTP/1.1" 200 6657
::1 - - [19/Feb/2024:16:22:43 +0300] "-" 408 -
::1 - - [19/Feb/2024:16:22:45 +0300] "POST /display.php HTTP/1.1" 200 6654
::1 - - [19/Feb/2024:16:22:53 +0300] "POST /display.php HTTP/1.1" 200 6684
::1 - - [19/Feb/2024:16:23:06 +0300] "POST /display.php HTTP/1.1" 200 6604
::1 - - [19/Feb/2024:16:23:09 +0300] "POST /display.php HTTP/1.1" 200 6625
::1 - - [19/Feb/2024:16:24:02 +0300] "-" 408 -
::1 - - [19/Feb/2024:16:28:29 +0300] "POST /display.php HTTP/1.1" 200 6646
::1 - - [19/Feb/2024:16:28:41 +0300] "POST /display.php HTTP/1.1" 200 6851
::1 - - [19/Feb/2024:16:29:00 +0300] "POST /display.php HTTP/1.1" 200 6852
::1 - - [19/Feb/2024:16:29:46 +0300] "-" 408 -
::1 - - [19/Feb/2024:16:30:07 +0300] "POST /display.php HTTP/1.1" 200 6959
::1 - - [19/Feb/2024:16:30:43 +0300] "POST /display.php HTTP/1.1" 200 7096
::1 - - [19/Feb/2024:16:31:03 +0300] "POST /display.php HTTP/1.1" 200 6705
::1 - - [19/Feb/2024:16:31:32 +0300] "POST /display.php HTTP/1.1" 200 6688
::1 - - [19/Feb/2024:16:31:44 +0300] "POST /display.php HTTP/1.1" 200 6731
::1 - - [19/Feb/2024:16:31:53 +0300] "POST /display.php HTTP/1.1" 200 6608
::1 - - [19/Feb/2024:16:31:58 +0300] "POST /display.php HTTP/1.1" 200 6639
::1 - - [19/Feb/2024:16:32:46 +0300] "POST /display.php HTTP/1.1" 200 6623
::1 - - [19/Feb/2024:16:33:46 +0300] "-" 408 -
::1 - - [19/Feb/2024:16:39:05 +0300] "POST /display.php HTTP/1.1" 200 6628
::1 - - [19/Feb/2024:16:39:14 +0300] "POST /display.php HTTP/1.1" 200 1157
::1 - - [19/Feb/2024:16:39:23 +0300] "POST /display.php HTTP/1.1" 200 1152
::1 - - [19/Feb/2024:16:39:24 +0300] "GET / HTTP/1.1" 200 645
::1 - - [19/Feb/2024:16:39:30 +0300] "POST /display.php HTTP/1.1" 200 2466
::1 - - [19/Feb/2024:16:40:20 +0300] "POST /display.php HTTP/1.1" 200 2466
::1 - - [19/Feb/2024:16:41:04 +0300] "POST /display.php HTTP/1.1" 200 2472
::1 - - [19/Feb/2024:16:41:24 +0300] "POST /display.php HTTP/1.1" 200 2151
::1 - - [19/Feb/2024:16:42:24 +0300] "-" 408 -
::1 - - [19/Feb/2024:16:46:14 +0300] "POST /display.php HTTP/1.1" 200 264
::1 - - [19/Feb/2024:16:47:03 +0300] "POST /display.php HTTP/1.1" 200 2153
::1 - - [19/Feb/2024:16:47:28 +0300] "POST /display.php HTTP/1.1" 200 2148
::1 - - [19/Feb/2024:16:47:31 +0300] "POST /display.php HTTP/1.1" 200 2149
::1 - - [19/Feb/2024:16:48:27 +0300] "POST /display.php HTTP/1.1" 200 2736
::1 - - [19/Feb/2024:16:48:36 +0300] "POST /display.php HTTP/1.1" 200 8023
::1 - - [19/Feb/2024:16:49:36 +0300] "-" 408 -
